0 info it worked if it ends with ok
1 verbose cli [ 'C:\\nodejs\\node.exe',
1 verbose cli   'C:\\Users\\laoergege\\AppData\\Roaming\\npm\\node_modules\\npm\\bin\\npm-cli.js',
1 verbose cli   'run',
1 verbose cli   'serve' ]
2 info using npm@4.0.5
3 info using node@v7.7.0
4 verbose run-script [ 'preserve', 'serve', 'postserve' ]
5 info lifecycle blog-server@0.0.0~preserve: blog-server@0.0.0
6 silly lifecycle blog-server@0.0.0~preserve: no script for preserve, continuing
7 info lifecycle blog-server@0.0.0~serve: blog-server@0.0.0
8 verbose lifecycle blog-server@0.0.0~serve: unsafe-perm in lifecycle true
9 verbose lifecycle blog-server@0.0.0~serve: PATH: C:\Users\laoergege\AppData\Roaming\npm\node_modules\npm\bin\node-gyp-bin;E:\learn\blog-server\node_modules\.bin;C:\ProgramData\Oracle\Java\javapath;C:\Program Files (x86)\Common Files\NetSarang;C:\WINDOWS\system32;C:\WINDOWS;C:\WINDOWS\System32\Wbem;C:\WINDOWS\System32\WindowsPowerShell\v1.0\;C:\Program Files\Java\jdk1.8.0_121;C:\Program Files (x86)\Git\cmd;C:\Users\laoergege\AppData\Local\Microsoft\WindowsApps;C:\Python27;C:\Program Files (x86)\Microsoft VS Code\bin;C:\Users\laoergege\AppData\Roaming\npm;C:\ProgramData\chocolatey\bin;C:\Program Files\Android\android-sdk\tools;C:\Program Files\Android\android-sdk\platform-tools;C:\Users\laoergege\AppData\Local\Android\Sdk;C:\Users\laoergege\AppData\Local\Android\Sdk/tools;C:\Users\laoergege\AppData\Local\Android\Sdk/platform-tools;C:\Program Files\MongoDB\Server\3.4\bin;C:\Users\laoergege\AppData\Local\Microsoft\WindowsApps;C:\Python27;C:\nvm;C:\nodejs;D:\Microsoft VS Code\bin
10 verbose lifecycle blog-server@0.0.0~serve: CWD: E:\learn\blog-server
11 silly lifecycle blog-server@0.0.0~serve: Args: [ '/d /s /c', 'set DEBUG=blog-server:* & node ./bin/www' ]
12 silly lifecycle blog-server@0.0.0~serve: Returned: code: 1  signal: null
13 info lifecycle blog-server@0.0.0~serve: Failed to exec serve script
14 verbose stack Error: blog-server@0.0.0 serve: `set DEBUG=blog-server:* & node ./bin/www`
14 verbose stack Exit status 1
14 verbose stack     at EventEmitter.<anonymous> (C:\Users\laoergege\AppData\Roaming\npm\node_modules\npm\lib\utils\lifecycle.js:279:16)
14 verbose stack     at emitTwo (events.js:106:13)
14 verbose stack     at EventEmitter.emit (events.js:194:7)
14 verbose stack     at ChildProcess.<anonymous> (C:\Users\laoergege\AppData\Roaming\npm\node_modules\npm\lib\utils\spawn.js:40:14)
14 verbose stack     at emitTwo (events.js:106:13)
14 verbose stack     at ChildProcess.emit (events.js:194:7)
14 verbose stack     at maybeClose (internal/child_process.js:899:16)
14 verbose stack     at Process.ChildProcess._handle.onexit (internal/child_process.js:226:5)
15 verbose pkgid blog-server@0.0.0
16 verbose cwd E:\learn\blog-server
17 error Windows_NT 10.0.14393
18 error argv "C:\\nodejs\\node.exe" "C:\\Users\\laoergege\\AppData\\Roaming\\npm\\node_modules\\npm\\bin\\npm-cli.js" "run" "serve"
19 error node v7.7.0
20 error npm  v4.0.5
21 error code ELIFECYCLE
22 error blog-server@0.0.0 serve: `set DEBUG=blog-server:* & node ./bin/www`
22 error Exit status 1
23 error Failed at the blog-server@0.0.0 serve script 'set DEBUG=blog-server:* & node ./bin/www'.
23 error Make sure you have the latest version of node.js and npm installed.
23 error If you do, this is most likely a problem with the blog-server package,
23 error not with npm itself.
23 error Tell the author that this fails on your system:
23 error     set DEBUG=blog-server:* & node ./bin/www
23 error You can get information on how to open an issue for this project with:
23 error     npm bugs blog-server
23 error Or if that isn't available, you can get their info via:
23 error     npm owner ls blog-server
23 error There is likely additional logging output above.
24 verbose exit [ 1, true ]
